<?xml version="1.0" encoding="UTF-8"?>
<!-- Generated by org.testng.reporters.JUnitReportReporter -->
<testsuite skipped="0" hostname="xingzheng" name="com.uestc.labelproject.LabelprojectApplicationTests" tests="1" failures="0" timestamp="2020-05-24T00:14:08 CST" time="6.220" errors="0">
  <testcase name="contextLoads" time="6.220" classname="com.uestc.labelproject.LabelprojectApplicationTests"/>
  <system-out/>
</testsuite> <!-- com.uestc.labelproject.LabelprojectApplicationTests -->
