<?xml version="1.0" encoding="UTF-8"?>
<!-- Generated by org.testng.reporters.JUnitReportReporter -->
<testsuite skipped="0" hostname="xingzheng" name="com.uestc.labelproject.LabelprojectApplicationTests" tests="1" failures="0" timestamp="2020-08-04T09:32:49 CST" time="7.434" errors="0">
  <testcase name="contextLoads" time="7.434" classname="com.uestc.labelproject.LabelprojectApplicationTests"/>
  <system-out/>
</testsuite> <!-- com.uestc.labelproject.LabelprojectApplicationTests -->
